2020-03-26 00:17:19[com.alibaba.druid.pool.DruidDataSource] [main:0] - [INFO]  {dataSource-1} inited
2020-03-26 00:17:20[com.alibaba.druid.pool.DruidDataSource] [main:860] - [INFO]  {dataSource-1} closing ...
2020-03-26 00:17:20[com.alibaba.druid.pool.DruidDataSource] [main:871] - [INFO]  {dataSource-1} closed
2020-03-26 00:20:47[com.alibaba.druid.pool.DruidDataSource] [main:0] - [INFO]  {dataSource-1} inited
2020-03-26 00:20:48[com.alibaba.druid.pool.DruidDataSource] [main:853] - [INFO]  {dataSource-1} closing ...
2020-03-26 00:20:48[com.alibaba.druid.pool.DruidDataSource] [main:862] - [INFO]  {dataSource-1} closed
2020-03-26 00:24:52[com.alibaba.druid.pool.DruidDataSource] [main:0] - [INFO]  {dataSource-1} inited
2020-03-26 00:24:53[com.alibaba.druid.pool.DruidDataSource] [main:926] - [INFO]  {dataSource-1} closing ...
2020-03-26 00:24:53[com.alibaba.druid.pool.DruidDataSource] [main:936] - [INFO]  {dataSource-1} closed
2020-03-26 00:25:44[com.alibaba.druid.pool.DruidDataSource] [main:0] - [INFO]  {dataSource-1} inited
2020-03-26 00:25:44[com.alibaba.druid.pool.DruidDataSource] [main:895] - [INFO]  {dataSource-1} closing ...
2020-03-26 00:25:44[com.alibaba.druid.pool.DruidDataSource] [main:905] - [INFO]  {dataSource-1} closed
2020-03-26 00:27:03[com.alibaba.druid.pool.DruidDataSource] [main:0] - [INFO]  {dataSource-1} inited
2020-03-26 00:27:04[com.alibaba.druid.pool.DruidDataSource] [SpringContextShutdownHook:1063] - [INFO]  {dataSource-1} closing ...
2020-03-26 00:27:04[com.alibaba.druid.pool.DruidDataSource] [SpringContextShutdownHook:1064] - [INFO]  {dataSource-1} closed
2020-03-26 00:49:49[com.alibaba.druid.pool.DruidDataSource] [main:0] - [INFO]  {dataSource-1} inited
2020-03-26 00:49:51[com.alibaba.druid.pool.DruidDataSource] [SpringContextShutdownHook:1108] - [INFO]  {dataSource-1} closing ...
2020-03-26 00:49:51[com.alibaba.druid.pool.DruidDataSource] [SpringContextShutdownHook:1109] - [INFO]  {dataSource-1} closed
2020-03-26 00:56:38[com.alibaba.druid.pool.DruidDataSource] [main:0] - [INFO]  {dataSource-1} inited
2020-03-26 00:56:39[com.alibaba.druid.pool.DruidDataSource] [SpringContextShutdownHook:1070] - [INFO]  {dataSource-1} closing ...
2020-03-26 00:56:39[com.alibaba.druid.pool.DruidDataSource] [SpringContextShutdownHook:1071] - [INFO]  {dataSource-1} closed
2020-03-26 00:57:13[com.alibaba.druid.pool.DruidDataSource] [main:1] - [INFO]  {dataSource-1} inited
2020-03-26 00:57:14[com.alibaba.druid.pool.DruidDataSource] [SpringContextShutdownHook:1170] - [INFO]  {dataSource-1} closing ...
2020-03-26 00:57:14[com.alibaba.druid.pool.DruidDataSource] [SpringContextShutdownHook:1172] - [INFO]  {dataSource-1} closed
2020-03-26 00:59:44[com.alibaba.druid.pool.DruidDataSource] [main:0] - [INFO]  {dataSource-1} inited
2020-03-26 00:59:45[com.alibaba.druid.pool.DruidDataSource] [SpringContextShutdownHook:1210] - [INFO]  {dataSource-1} closing ...
2020-03-26 00:59:45[com.alibaba.druid.pool.DruidDataSource] [SpringContextShutdownHook:1212] - [INFO]  {dataSource-1} closed
2020-03-26 01:01:18[com.alibaba.druid.pool.DruidDataSource] [main:0] - [INFO]  {dataSource-1} inited
2020-03-26 01:01:19[com.alibaba.druid.pool.DruidDataSource] [SpringContextShutdownHook:1079] - [INFO]  {dataSource-1} closing ...
2020-03-26 01:01:19[com.alibaba.druid.pool.DruidDataSource] [SpringContextShutdownHook:1080] - [INFO]  {dataSource-1} closed
2020-03-26 01:02:21[com.alibaba.druid.pool.DruidDataSource] [main:0] - [INFO]  {dataSource-1} inited
2020-03-26 01:02:22[com.alibaba.druid.pool.DruidDataSource] [SpringContextShutdownHook:1078] - [INFO]  {dataSource-1} closing ...
2020-03-26 01:02:22[com.alibaba.druid.pool.DruidDataSource] [SpringContextShutdownHook:1079] - [INFO]  {dataSource-1} closed
2020-03-26 01:02:33[com.alibaba.druid.pool.DruidDataSource] [main:0] - [INFO]  {dataSource-1} inited
2020-03-26 01:02:35[com.alibaba.druid.pool.DruidDataSource] [SpringContextShutdownHook:1111] - [INFO]  {dataSource-1} closing ...
2020-03-26 01:02:35[com.alibaba.druid.pool.DruidDataSource] [SpringContextShutdownHook:1112] - [INFO]  {dataSource-1} closed
2020-03-26 02:18:17[com.alibaba.druid.pool.DruidDataSource] [main:0] - [INFO]  {dataSource-1} inited
2020-03-26 02:18:21[com.alibaba.druid.pool.DruidDataSource] [main:4306] - [INFO]  {dataSource-1} closing ...
2020-03-26 02:18:22[com.alibaba.druid.pool.DruidDataSource] [main:4357] - [INFO]  {dataSource-1} closed
2020-03-26 02:25:55[com.alibaba.druid.pool.DruidDataSource] [main:0] - [INFO]  {dataSource-1} inited
2020-03-26 02:25:56[com.alibaba.druid.pool.DruidDataSource] [main:857] - [INFO]  {dataSource-1} closing ...
2020-03-26 02:25:56[com.alibaba.druid.pool.DruidDataSource] [main:866] - [INFO]  {dataSource-1} closed
2020-03-26 02:36:57[com.alibaba.druid.pool.DruidDataSource] [main:0] - [INFO]  {dataSource-1} inited
2020-03-26 02:36:58[com.alibaba.druid.pool.DruidDataSource] [main:941] - [INFO]  {dataSource-1} closing ...
2020-03-26 02:36:58[com.alibaba.druid.pool.DruidDataSource] [main:952] - [INFO]  {dataSource-1} closed
2020-03-26 02:38:00[com.alibaba.druid.pool.DruidDataSource] [main:0] - [INFO]  {dataSource-1} inited
2020-03-26 02:38:01[com.alibaba.druid.pool.DruidDataSource] [SpringContextShutdownHook:982] - [INFO]  {dataSource-1} closing ...
2020-03-26 02:38:01[com.alibaba.druid.pool.DruidDataSource] [SpringContextShutdownHook:1005] - [INFO]  {dataSource-1} closed
2020-03-26 02:39:37[com.alibaba.druid.pool.DruidDataSource] [main:0] - [INFO]  {dataSource-1} inited
2020-03-26 02:39:38[com.alibaba.druid.pool.DruidDataSource] [SpringContextShutdownHook:1277] - [INFO]  {dataSource-1} closing ...
2020-03-26 02:39:38[com.alibaba.druid.pool.DruidDataSource] [SpringContextShutdownHook:1278] - [INFO]  {dataSource-1} closed
