#
# There is insufficient memory for the Java Runtime Environment to continue.
# Native memory allocation (malloc) failed to allocate 88576 bytes for Chunk::new
# Possible reasons:
#   The system is out of physical RAM or swap space
#   The process is running with CompressedOops enabled, and the Java Heap may be blocking the growth of the native heap
# Possible solutions:
#   Reduce memory load on the system
#   Increase physical memory or swap space
#   Check if swap backing store is full
#   Decrease Java heap size (-Xmx/-Xms)
#   Decrease number of Java threads
#   Decrease Java thread stack sizes (-Xss)
#   Set larger code cache with -XX:ReservedCodeCacheSize=
#   JVM is running with Unscaled Compressed Oops mode in which the Java heap is
#     placed in the first 4GB address space. The Java Heap base address is the
#     maximum limit for the native heap growth. Please use -XX:HeapBaseMinAddress
#     to set the Java Heap base and to place the Java Heap above 4GB virtual address.
# This output file may be truncated or incomplete.
#
#  Out of Memory Error (allocation.cpp:389), pid=9960, tid=0x00000000000018d4
#
# JRE version: Java(TM) SE Runtime Environment (8.0_221-b11) (build 1.8.0_221-b11)
# Java VM: Java HotSpot(TM) 64-Bit Server VM (25.221-b11 mixed mode windows-amd64 compressed oops)
# Failed to write core dump. Minidumps are not enabled by default on client versions of Windows
#

---------------  T H R E A D  ---------------

Current thread (0x0000000017d2a800):  JavaThread "C2 CompilerThread1" daemon [_thread_in_native, id=6356, stack(0x0000000019860000,0x0000000019960000)]

Stack: [0x0000000019860000,0x0000000019960000]
[error occurred during error reporting (printing stack bounds), id 0xc0000005]

Native frames: (J=compiled Java code, j=interpreted, Vv=VM code, C=native code)


Current CompileTask:
C2:   2794 1775       4       java.lang.Class::searchMethods (90 bytes)


---------------  P R O C E S S  ---------------

Java Threads: ( => current thread )
  0x0000000019103000 JavaThread "Service Thread" daemon [_thread_blocked, id=9288, stack(0x0000000019a60000,0x0000000019b60000)]
  0x0000000017d3e800 JavaThread "C1 CompilerThread2" daemon [_thread_blocked, id=6536, stack(0x0000000019960000,0x0000000019a60000)]
=>0x0000000017d2a800 JavaThread "C2 CompilerThread1" daemon [_thread_in_native, id=6356, stack(0x0000000019860000,0x0000000019960000)]
  0x0000000017d1c800 JavaThread "C2 CompilerThread0" daemon [_thread_in_native, id=5848, stack(0x0000000019760000,0x0000000019860000)]
  0x0000000017d1b800 JavaThread "Monitor Ctrl-Break" daemon [_thread_in_native, id=12616, stack(0x0000000019660000,0x0000000019760000)]
  0x00000000190a3800 JavaThread "Attach Listener" daemon [_thread_blocked, id=536, stack(0x0000000019560000,0x0000000019660000)]
  0x0000000017cdd800 JavaThread "Signal Dispatcher" daemon [_thread_blocked, id=4068, stack(0x0000000019460000,0x0000000019560000)]
  0x000000000319a000 JavaThread "Finalizer" daemon [_thread_blocked, id=7296, stack(0x0000000018f60000,0x0000000019060000)]
  0x0000000017cca000 JavaThread "Reference Handler" daemon [_thread_blocked, id=8644, stack(0x0000000018e60000,0x0000000018f60000)]
  0x00000000030a5800 JavaThread "main" [_thread_in_Java, id=6012, stack(0x00000000029f0000,0x0000000002af0000)]

Other Threads:
  0x0000000017ca7800 VMThread [stack: 0x0000000018d60000,0x0000000018e60000] [id=13084]
  0x0000000019130000 WatcherThread [stack: 0x0000000019b60000,0x0000000019c60000] [id=7796]

VM state:not at safepoint (normal execution)

VM Mutex/Monitor currently owned by a thread: None

heap address: 0x0000000081a00000, size: 2022 MB, Compressed Oops mode: 32-bit
Narrow klass base: 0x0000000000000000, Narrow klass shift: 3
Compressed class space size: 1073741824 Address: 0x0000000100000000

Heap:
 PSYoungGen      total 38400K, used 787K [0x00000000d5e00000, 0x00000000d8880000, 0x0000000100000000)
  eden space 33280K, 2% used [0x00000000d5e00000,0x00000000d5ec4e20,0x00000000d7e80000)
  from space 5120K, 0% used [0x00000000d7e80000,0x00000000d7e80000,0x00000000d8380000)
  to   space 5120K, 0% used [0x00000000d8380000,0x00000000d8380000,0x00000000d8880000)
 ParOldGen       total 59392K, used 6181K [0x0000000081a00000, 0x0000000085400000, 0x00000000d5e00000)
  object space 59392K, 10% used [0x0000000081a00000,0x00000000820095f8,0x0000000085400000)
 Metaspace       used 17855K, capacity 18346K, committed 18688K, reserved 1069056K
  class space    used 2089K, capacity 2221K, committed 2304K, reserved 1048576K

Card table byte_map: [0x0000000012560000,0x0000000012960000] byte_map_base: 0x0000000012153000

Marking Bits: (ParMarkBitMap*) 0x000000005fcf5ce0
 Begin Bits: [0x0000000013010000, 0x0000000014fa8000)
 End Bits:   [0x0000000014fa8000, 0x0000000016f40000)

Polling page: 0x0000000000e30000

CodeCache: size=245760Kb used=6615Kb max_used=6615Kb free=239144Kb
 bounds [0x00000000031a0000, 0x0000000003820000, 0x00000000121a0000]
 total_blobs=2186 nmethods=1815 adapters=283
 compilation: enabled

Compilation events (10 events):
Event: 2.577 Thread 0x0000000017d3e800 1801       3       java.util.concurrent.locks.ReentrantLock$NonfairSync::lock (25 bytes)
Event: 2.577 Thread 0x0000000017d3e800 nmethod 1801 0x00000000038039d0 code [0x0000000003803ba0, 0x0000000003804478]
Event: 2.577 Thread 0x0000000017d3e800 1802       3       java.util.concurrent.locks.AbstractQueuedSynchronizer::compareAndSetState (13 bytes)
Event: 2.577 Thread 0x0000000017d3e800 nmethod 1802 0x0000000003804710 code [0x0000000003804860, 0x00000000038049d0]
Event: 2.577 Thread 0x0000000017d3e800 1803       3       java.util.concurrent.locks.ReentrantLock::unlock (10 bytes)
Event: 2.577 Thread 0x0000000017d3e800 nmethod 1803 0x0000000003804a50 code [0x0000000003804be0, 0x0000000003804fd8]
Event: 2.577 Thread 0x0000000017d3e800 1804       3       java.util.concurrent.locks.AbstractQueuedSynchronizer::release (33 bytes)
Event: 2.578 Thread 0x0000000017d3e800 nmethod 1804 0x0000000003805110 code [0x0000000003805280, 0x0000000003805598]
Event: 2.578 Thread 0x0000000017d3e800 1805       3       java.util.concurrent.locks.ReentrantLock$Sync::tryRelease (45 bytes)
Event: 2.578 Thread 0x0000000017d3e800 nmethod 1805 0x0000000003805690 code [0x0000000003805820, 0x0000000003805dc8]

GC Heap History (4 events):
Event: 1.080 GC heap before
{Heap before GC invocations=1 (full 0):
 PSYoungGen      total 38400K, used 33280K [0x00000000d5e00000, 0x00000000d8880000, 0x0000000100000000)
  eden space 33280K, 100% used [0x00000000d5e00000,0x00000000d7e80000,0x00000000d7e80000)
  from space 5120K, 0% used [0x00000000d8380000,0x00000000d8380000,0x00000000d8880000)
  to   space 5120K, 0% used [0x00000000d7e80000,0x00000000d7e80000,0x00000000d8380000)
 ParOldGen       total 87552K, used 0K [0x0000000081a00000, 0x0000000086f80000, 0x00000000d5e00000)
  object space 87552K, 0% used [0x0000000081a00000,0x0000000081a00000,0x0000000086f80000)
 Metaspace       used 11388K, capacity 11676K, committed 12032K, reserved 1060864K
  class space    used 1331K, capacity 1424K, committed 1536K, reserved 1048576K
Event: 1.086 GC heap after
Heap after GC invocations=1 (full 0):
 PSYoungGen      total 38400K, used 5097K [0x00000000d5e00000, 0x00000000d8880000, 0x0000000100000000)
  eden space 33280K, 0% used [0x00000000d5e00000,0x00000000d5e00000,0x00000000d7e80000)
  from space 5120K, 99% used [0x00000000d7e80000,0x00000000d837a640,0x00000000d8380000)
  to   space 5120K, 0% used [0x00000000d8380000,0x00000000d8380000,0x00000000d8880000)
 ParOldGen       total 87552K, used 49K [0x0000000081a00000, 0x0000000086f80000, 0x00000000d5e00000)
  object space 87552K, 0% used [0x0000000081a00000,0x0000000081a0c738,0x0000000086f80000)
 Metaspace       used 11388K, capacity 11676K, committed 12032K, reserved 1060864K
  class space    used 1331K, capacity 1424K, committed 1536K, reserved 1048576K
}
Event: 1.924 GC heap before
{Heap before GC invocations=2 (full 0):
 PSYoungGen      total 38400K, used 38377K [0x00000000d5e00000, 0x00000000d8880000, 0x0000000100000000)
  eden space 33280K, 100% used [0x00000000d5e00000,0x00000000d7e80000,0x00000000d7e80000)
  from space 5120K, 99% used [0x00000000d7e80000,0x00000000d837a640,0x00000000d8380000)
  to   space 5120K, 0% used [0x00000000d8380000,0x00000000d8380000,0x00000000d8880000)
 ParOldGen       total 87552K, used 49K [0x0000000081a00000, 0x0000000086f80000, 0x00000000d5e00000)
  object space 87552K, 0% used [0x0000000081a00000,0x0000000081a0c738,0x0000000086f80000)
 Metaspace       used 15252K, capacity 15588K, committed 15744K, reserved 1062912K
  class space    used 1789K, capacity 1880K, committed 1920K, reserved 1048576K
Event: 1.934 GC heap after
Heap after GC invocations=2 (full 0):
 PSYoungGen      total 38400K, used 5113K [0x00000000d5e00000, 0x00000000d8880000, 0x0000000100000000)
  eden space 33280K, 0% used [0x00000000d5e00000,0x00000000d5e00000,0x00000000d7e80000)
  from space 5120K, 99% used [0x00000000d8380000,0x00000000d887e738,0x00000000d8880000)
  to   space 5120K, 0% used [0x00000000d7e80000,0x00000000d7e80000,0x00000000d8380000)
 ParOldGen       total 87552K, used 1006K [0x0000000081a00000, 0x0000000086f80000, 0x00000000d5e00000)
  object space 87552K, 1% used [0x0000000081a00000,0x0000000081afbab0,0x0000000086f80000)
 Metaspace       used 15252K, capacity 15588K, committed 15744K, reserved 1062912K
  class space    used 1789K, capacity 1880K, committed 1920K, reserved 1048576K
}

Deoptimization events (10 events):
Event: 0.675 Thread 0x00000000030a5800 Uncommon trap: reason=class_check action=maybe_recompile pc=0x0000000003393594 method=java.lang.String.equals(Ljava/lang/Object;)Z @ 8
Event: 0.688 Thread 0x00000000030a5800 Uncommon trap: reason=class_check action=maybe_recompile pc=0x0000000003393594 method=java.lang.String.equals(Ljava/lang/Object;)Z @ 8
Event: 0.761 Thread 0x00000000030a5800 Uncommon trap: reason=unstable_if action=reinterpret pc=0x00000000032c8e80 method=java.lang.CharacterData.of(I)Ljava/lang/CharacterData; @ 4
Event: 1.137 Thread 0x00000000030a5800 Uncommon trap: reason=unstable_if action=reinterpret pc=0x000000000341deb0 method=java.io.WinNTFileSystem.normalize(Ljava/lang/String;)Ljava/lang/String; @ 128
Event: 1.704 Thread 0x00000000030a5800 Uncommon trap: reason=range_check action=make_not_entrant pc=0x00000000034469e0 method=sun.reflect.generics.parser.SignatureParser.current()C @ 34
Event: 2.288 Thread 0x00000000030a5800 Uncommon trap: reason=class_check action=maybe_recompile pc=0x000000000371b24c method=java.util.concurrent.ConcurrentHashMap.putVal(Ljava/lang/Object;Ljava/lang/Object;Z)Ljava/lang/Object; @ 192
Event: 2.288 Thread 0x00000000030a5800 Uncommon trap: reason=unstable_if action=reinterpret pc=0x00000000036f2090 method=java.util.concurrent.ConcurrentHashMap.get(Ljava/lang/Object;)Ljava/lang/Object; @ 76
Event: 2.546 Thread 0x00000000030a5800 Uncommon trap: reason=class_check action=maybe_recompile pc=0x000000000371b24c method=java.util.concurrent.ConcurrentHashMap.putVal(Ljava/lang/Object;Ljava/lang/Object;Z)Ljava/lang/Object; @ 192
Event: 2.547 Thread 0x00000000030a5800 Uncommon trap: reason=class_check action=maybe_recompile pc=0x000000000371b24c method=java.util.concurrent.ConcurrentHashMap.putVal(Ljava/lang/Object;Ljava/lang/Object;Z)Ljava/lang/Object; @ 192
Event: 2.550 Thread 0x00000000030a5800 Uncommon trap: reason=class_check action=maybe_recompile pc=0x000000000371b24c method=java.util.concurrent.ConcurrentHashMap.putVal(Ljava/lang/Object;Ljava/lang/Object;Z)Ljava/lang/Object; @ 192

Classes redefined (0 events):
No events

Internal exceptions (10 events):
Event: 2.539 Thread 0x00000000030a5800 Exception <a 'java/lang/ClassNotFoundException': org/springframework/aop/support/AbstractPointcutAdvisorBeanInfo> (0x00000000d77351a8) thrown at [C:\re\workspace\8-2-build-windows-amd64-cygwin\jdk8u221\13320\hotspot\src\share\vm\classfile\systemDictionary
Event: 2.539 Thread 0x00000000030a5800 Exception <a 'java/lang/ClassNotFoundException': org/springframework/aop/support/AbstractPointcutAdvisorCustomizer> (0x00000000d7747370) thrown at [C:\re\workspace\8-2-build-windows-amd64-cygwin\jdk8u221\13320\hotspot\src\share\vm\classfile\systemDictiona
Event: 2.540 Thread 0x00000000030a5800 Exception <a 'java/lang/ClassNotFoundException': org/springframework/aop/support/AbstractBeanFactoryPointcutAdvisorCustomizer> (0x00000000d7760f90) thrown at [C:\re\workspace\8-2-build-windows-amd64-cygwin\jdk8u221\13320\hotspot\src\share\vm\classfile\sys
Event: 2.541 Thread 0x00000000030a5800 Exception <a 'java/lang/ClassNotFoundException': org/springframework/transaction/interceptor/BeanFactoryTransactionAttributeSourceAdvisorCustomizer> (0x00000000d7781608) thrown at [C:\re\workspace\8-2-build-windows-amd64-cygwin\jdk8u221\13320\hotspot\src\
Event: 2.541 Thread 0x00000000030a5800 Exception <a 'java/lang/ClassNotFoundException': org/springframework/aop/PointcutAdvisorBeanInfo> (0x00000000d779b6f8) thrown at [C:\re\workspace\8-2-build-windows-amd64-cygwin\jdk8u221\13320\hotspot\src\share\vm\classfile\systemDictionary.cpp, line 210]
Event: 2.542 Thread 0x00000000030a5800 Exception <a 'java/lang/ClassNotFoundException': org/springframework/aop/PointcutAdvisorCustomizer> (0x00000000d77aafd0) thrown at [C:\re\workspace\8-2-build-windows-amd64-cygwin\jdk8u221\13320\hotspot\src\share\vm\classfile\systemDictionary.cpp, line 210
Event: 2.542 Thread 0x00000000030a5800 Exception <a 'java/lang/ClassNotFoundException': org/springframework/aop/AdvisorBeanInfo> (0x00000000d77ba9b8) thrown at [C:\re\workspace\8-2-build-windows-amd64-cygwin\jdk8u221\13320\hotspot\src\share\vm\classfile\systemDictionary.cpp, line 210]
Event: 2.542 Thread 0x00000000030a5800 Exception <a 'java/lang/ClassNotFoundException': org/springframework/aop/AdvisorCustomizer> (0x00000000d77c8ea0) thrown at [C:\re\workspace\8-2-build-windows-amd64-cygwin\jdk8u221\13320\hotspot\src\share\vm\classfile\systemDictionary.cpp, line 210]
Event: 2.577 Thread 0x00000000030a5800 Exception <a 'java/lang/ClassNotFoundException': org/mybatis/spring/SqlSessionFactoryBeanBeanInfo> (0x00000000d78f2220) thrown at [C:\re\workspace\8-2-build-windows-amd64-cygwin\jdk8u221\13320\hotspot\src\share\vm\classfile\systemDictionary.cpp, line 210]
Event: 2.577 Thread 0x00000000030a5800 Exception <a 'java/lang/ClassNotFoundException': org/mybatis/spring/SqlSessionFactoryBeanCustomizer> (0x00000000d79011d8) thrown at [C:\re\workspace\8-2-build-windows-amd64-cygwin\jdk8u221\13320\hotspot\src\share\vm\classfile\systemDictionary.cpp, line 21

Events (10 events):
Event: 2.577 loading class org/mybatis/spring/SqlSessionFactoryBeanBeanInfo
Event: 2.577 loading class org/mybatis/spring/SqlSessionFactoryBeanBeanInfo done
Event: 2.577 loading class org/mybatis/spring/SqlSessionFactoryBeanCustomizer
Event: 2.577 loading class org/mybatis/spring/SqlSessionFactoryBeanCustomizer done
Event: 2.577 loading class org/mybatis/spring/SqlSessionFactoryBeanCustomizer
Event: 2.577 loading class org/mybatis/spring/SqlSessionFactoryBeanCustomizer done
Event: 2.577 loading class org/mybatis/spring/SqlSessionFactoryBeanCustomizer
Event: 2.577 loading class org/mybatis/spring/SqlSessionFactoryBeanCustomizer done
Event: 2.578 loading class org/apache/ibatis/io/VFS
Event: 2.578 loading class org/apache/ibatis/io/VFS done


Dynamic libraries:
0x00007ff737d50000 - 0x00007ff737d87000 	D:\Software\Java\Jdk\bin\java.exe
0x00007ffa9c2e0000 - 0x00007ffa9c4d0000 	C:\WINDOWS\SYSTEM32\ntdll.dll
0x00007ffa9bd90000 - 0x00007ffa9be42000 	C:\WINDOWS\System32\KERNEL32.DLL
0x00007ffa9a0b0000 - 0x00007ffa9a353000 	C:\WINDOWS\System32\KERNELBASE.dll
0x00007ffa9aaf0000 - 0x00007ffa9ab93000 	C:\WINDOWS\System32\ADVAPI32.dll
0x00007ffa9a7a0000 - 0x00007ffa9a83e000 	C:\WINDOWS\System32\msvcrt.dll
0x00007ffa9bb30000 - 0x00007ffa9bbc7000 	C:\WINDOWS\System32\sechost.dll
0x00007ffa9bbd0000 - 0x00007ffa9bcf0000 	C:\WINDOWS\System32\RPCRT4.dll
0x00007ffa9a390000 - 0x00007ffa9a524000 	C:\WINDOWS\System32\USER32.dll
0x00007ffa992f0000 - 0x00007ffa99311000 	C:\WINDOWS\System32\win32u.dll
0x00007ffa9bed0000 - 0x00007ffa9bef6000 	C:\WINDOWS\System32\GDI32.dll
0x00007ffa99f10000 - 0x00007ffa9a0a4000 	C:\WINDOWS\System32\gdi32full.dll
0x00007ffa99d20000 - 0x00007ffa99dbe000 	C:\WINDOWS\System32\msvcp_win.dll
0x00007ffa99380000 - 0x00007ffa9947a000 	C:\WINDOWS\System32\ucrtbase.dll
0x00007ffa876b0000 - 0x00007ffa87935000 	C:\WINDOWS\WinSxS\amd64_microsoft.windows.common-controls_6595b64144ccf1df_6.0.18362.720_none_e6beb5c51314836b\COMCTL32.dll
0x00007ffa9b010000 - 0x00007ffa9b346000 	C:\WINDOWS\System32\combase.dll
0x00007ffa99270000 - 0x00007ffa992f0000 	C:\WINDOWS\System32\bcryptPrimitives.dll
0x00007ffa9bcf0000 - 0x00007ffa9bd1e000 	C:\WINDOWS\System32\IMM32.DLL
0x0000000061390000 - 0x0000000061462000 	D:\Software\Java\Jdk\jre\bin\msvcr100.dll
0x000000005f4d0000 - 0x000000005fd75000 	D:\Software\Java\Jdk\jre\bin\server\jvm.dll
0x00007ffa9bab0000 - 0x00007ffa9bab8000 	C:\WINDOWS\System32\PSAPI.DLL
0x00007ffa87040000 - 0x00007ffa87049000 	C:\WINDOWS\SYSTEM32\WSOCK32.dll
0x00007ffa9bac0000 - 0x00007ffa9bb2f000 	C:\WINDOWS\System32\WS2_32.dll
0x00007ffa96b50000 - 0x00007ffa96b74000 	C:\WINDOWS\SYSTEM32\WINMM.dll
0x00007ffa8e880000 - 0x00007ffa8e88a000 	C:\WINDOWS\SYSTEM32\VERSION.dll
0x00007ffa96b20000 - 0x00007ffa96b4d000 	C:\WINDOWS\SYSTEM32\WINMMBASE.dll
0x00007ffa99cd0000 - 0x00007ffa99d1a000 	C:\WINDOWS\System32\cfgmgr32.dll
0x00007ffa95390000 - 0x00007ffa9539f000 	D:\Software\Java\Jdk\jre\bin\verify.dll
0x00007ffa94140000 - 0x00007ffa94169000 	D:\Software\Java\Jdk\jre\bin\java.dll
0x00007ffa92870000 - 0x00007ffa92893000 	D:\Software\Java\Jdk\jre\bin\instrument.dll
0x00007ffa95220000 - 0x00007ffa95236000 	D:\Software\Java\Jdk\jre\bin\zip.dll
0x00007ffa9b3c0000 - 0x00007ffa9baa5000 	C:\WINDOWS\System32\SHELL32.dll
0x00007ffa9bf00000 - 0x00007ffa9bfa9000 	C:\WINDOWS\System32\shcore.dll
0x00007ffa99550000 - 0x00007ffa99cd0000 	C:\WINDOWS\System32\windows.storage.dll
0x00007ffa991f0000 - 0x00007ffa99213000 	C:\WINDOWS\System32\profapi.dll
0x00007ffa99220000 - 0x00007ffa9926a000 	C:\WINDOWS\System32\powrprof.dll
0x00007ffa991a0000 - 0x00007ffa991b0000 	C:\WINDOWS\System32\UMPDC.dll
0x00007ffa9bd30000 - 0x00007ffa9bd82000 	C:\WINDOWS\System32\shlwapi.dll
0x00007ffa991b0000 - 0x00007ffa991c1000 	C:\WINDOWS\System32\kernel.appcore.dll
0x00007ffa99480000 - 0x00007ffa99497000 	C:\WINDOWS\System32\cryptsp.dll
0x00007ffa927b0000 - 0x00007ffa927ca000 	D:\Software\IntelliJ IDEA\Idea\bin\breakgen64.dll
0x00007ffa927f0000 - 0x00007ffa9280a000 	D:\Software\Java\Jdk\jre\bin\net.dll
0x00007ffa8beb0000 - 0x00007ffa8c085000 	C:\WINDOWS\SYSTEM32\urlmon.dll
0x00007ffa8b9b0000 - 0x00007ffa8bc56000 	C:\WINDOWS\SYSTEM32\iertutil.dll
0x00007ffa98be0000 - 0x00007ffa98bec000 	C:\WINDOWS\SYSTEM32\CRYPTBASE.DLL
0x00007ffa98a10000 - 0x00007ffa98a77000 	C:\WINDOWS\system32\mswsock.dll
0x00007ffa927d0000 - 0x00007ffa927e2000 	D:\Software\Java\Jdk\jre\bin\nio.dll

VM Arguments:
jvm_args: -ea -Didea.test.cyclic.buffer.size=1048576 -javaagent:D:\Software\IntelliJ IDEA\Idea\lib\idea_rt.jar=3071:D:\Software\IntelliJ IDEA\Idea\bin -Dfile.encoding=UTF-8 
java_command: com.intellij.rt.junit.JUnitStarter -ideVersion5 -junit4 com.xiaochen.beatles.test.SpringTest,getbeans
java_class_path (initial): D:\Software\IntelliJ IDEA\Idea\lib\idea_rt.jar;D:\Software\IntelliJ IDEA\Idea\plugins\junit\lib\junit5-rt.jar;D:\Software\IntelliJ IDEA\Idea\plugins\junit\lib\junit-rt.jar;D:\Software\Java\Jdk\jre\lib\charsets.jar;D:\Software\Java\Jdk\jre\lib\deploy.jar;D:\Software\Java\Jdk\jre\lib\ext\access-bridge-64.jar;D:\Software\Java\Jdk\jre\lib\ext\cldrdata.jar;D:\Software\Java\Jdk\jre\lib\ext\dnsns.jar;D:\Software\Java\Jdk\jre\lib\ext\jaccess.jar;D:\Software\Java\Jdk\jre\lib\ext\jfxrt.jar;D:\Software\Java\Jdk\jre\lib\ext\localedata.jar;D:\Software\Java\Jdk\jre\lib\ext\nashorn.jar;D:\Software\Java\Jdk\jre\lib\ext\sunec.jar;D:\Software\Java\Jdk\jre\lib\ext\sunjce_provider.jar;D:\Software\Java\Jdk\jre\lib\ext\sunmscapi.jar;D:\Software\Java\Jdk\jre\lib\ext\sunpkcs11.jar;D:\Software\Java\Jdk\jre\lib\ext\zipfs.jar;D:\Software\Java\Jdk\jre\lib\javaws.jar;D:\Software\Java\Jdk\jre\lib\jce.jar;D:\Software\Java\Jdk\jre\lib\jfr.jar;D:\Software\Java\Jdk\jre\lib\jfxswt.jar;D:\Software\Java\Jdk\jre\lib\jsse.jar;D:\Software\Java\Jdk\jre\lib\management-agent.jar;D:\Software\Java\Jdk\jre\lib\plugin.jar;D:\Software\Java\Jdk\jre\lib\resources.jar;D:\Software\Java\Jdk\jre\lib\rt.jar;D:\Software\IntelliJ IDEA\WorkSpaces\OpenSource\Examples\spring-springMVC-mybatis\target\test-classes;D:\Software\IntelliJ IDEA\WorkSpaces\OpenSource\Examples\spring-springMVC-mybatis\target\classes;D:\Software\VersionControlSoftware\Maven\maven\Repository\org\springframework\spring-core\5.2.4.RELEASE\spring-core-5.2.4.RELEASE.jar;D:\Software\VersionControlSoftware\Maven\maven\Repository\org\springframework\spring-jcl\5.2.4.RELEASE\spring-jcl-5.2.4.RELEASE.jar;D:\Software\VersionControlSoftware\Maven\maven\Repository\org\springframework\spring-web\5.2.4.RELEASE\spring-web-5.2.4.RELEASE.jar;D:\Software\VersionControlSoftware\Maven\maven\Repository\org\springframework\spring-beans\5.2.4.RELEASE\spring-beans-5.2.4.RELEASE.jar;D:\Software\VersionControlSoftware\Maven\maven\Repository\org\spri
Launcher Type: SUN_STANDARD

Environment Variables:
JAVA_HOME=D:\Software\Java\Jdk
CLASSPATH=.;D:\Software\Java\Jdk\bin;D:\Software\Java\Jdk\lib\dt.jar;D:\Software\Java\Jdk\lib\tools.jar;D:\Software\WebServer\Tomcat\tomcat9\lib\servlet-api.jar;
PATH=D:\Software\Python\Python\Scripts\;D:\Software\Python\Python\;D:\Software\ShelltTool\Xftp\;D:\Software\ShelltTool\Xshell\;C:\Program Files (x86)\Common Files\Oracle\Java\javapath;D:\Software\Java\Jdk\bin;D:\Software\Java\Jre\bin;D:\Software\Python\Python;D:\phpAndmysql\mysqlpath\MysqlDirectory\bin;C:\WINDOWS\system32;C:\WINDOWS;C:\WINDOWS\System32\Wbem;C:\WINDOWS\System32\WindowsPowerShell\v1.0\;C:\WINDOWS\System32\OpenSSH\;D:\JavaVersioning\Maven\maven\apache-maven-3.6.3\bin;D:\JavaIDEA\apache\tomcat9\bin;D:\JavaVersioning\Maven\maven\apache-maven-3.6.3;C:\Program Files (x86)\NVIDIA Corporation\PhysX\Common;C:\Program Files\NVIDIA Corporation\NVIDIA NvDLISR;C:\WINDOWS\system32;C:\WINDOWS;C:\WINDOWS\System32\Wbem;C:\WINDOWS\System32\WindowsPowerShell\v1.0\;C:\WINDOWS\System32\OpenSSH\;D:\Software\DataSQL\MySQL\MySQLserver\bin;D:\JavaVersioning\Git\Git\cmd;D:\Software\VersionControlSoftware\Git\Git\cmd;D:\Software\VersionControlSoftware\Maven\maven\apache-maven-3.6.3\bin;D:\Software\Python\Python\Scripts\;D:\Software\Python\Python\;C:\Users\xiaochen\AppData\Local\Microsoft\WindowsApps;C:\Users\xiaochen\AppData\Local\Microsoft\WindowsApps;C:\Users\xiaochen\Documents\IDM Computer Solutions\UltraEdit;
USERNAME=xiaochen
OS=Windows_NT
PROCESSOR_IDENTIFIER=Intel64 Family 6 Model 94 Stepping 3, GenuineIntel



---------------  S Y S T E M  ---------------

OS: Windows 10.0 , 64 bit Build 18362 (10.0.18362.329)

CPU:total 4 (initial active 4) (4 cores per cpu, 1 threads per core) family 6 model 94 stepping 3, cmov, cx8, fxsr, mmx, sse, sse2, sse3, ssse3, sse4.1, sse4.2, popcnt, avx, avx2, aes, clmul, erms, rtm, 3dnowpref, lzcnt, tsc, tscinvbit, bmi1, bmi2, adx

Memory: 4k page, physical 8281976k(1344968k free), swap 8281976k(30092k free)

vm_info: Java HotSpot(TM) 64-Bit Server VM (25.221-b11) for windows-amd64 JRE (1.8.0_221-b11), built on Jul  4 2019 04:39:29 by "java_re" with MS VC++ 10.0 (VS2010)

time: Sat Mar 28 23:42:35 2020
timezone: 中国标准时间
elapsed time: 2 seconds (0d 0h 0m 2s)

